<?xml version="1.0" encoding="UTF-8"?>
<!-- Generated by org.testng.reporters.JUnitReportReporter -->
<testsuite skipped="0" hostname="Balajis-MBP.lan" name="testngConcept.Class1" tests="5" failures="0" timestamp="2023-01-17T11:23:22 CST" time="0.010" errors="0">
  <testcase name="class1Test1" time="0.006" classname="testngConcept.Class1"/>
  <system-out/>
  <testcase name="class1Test3" time="0.001" classname="testngConcept.Class1"/>
  <system-out/>
  <testcase name="class1Test2" time="0.000" classname="testngConcept.Class1"/>
  <system-out/>
  <testcase name="class1Test1" time="0.001" classname="testngConcept.Class1"/>
  <system-out/>
  <testcase name="class1Test1" time="0.002" classname="testngConcept.Class1"/>
  <system-out/>
</testsuite> <!-- testngConcept.Class1 -->
