<?xml version="1.0" encoding="UTF-8"?>
<!-- Generated by org.testng.reporters.JUnitReportReporter -->
<testsuite skipped="0" hostname="Balajis-MBP.lan" name="testngConcept.Class9" tests="1" failures="0" timestamp="2023-01-17T11:23:05 CST" time="0.001" errors="0">
  <testcase name="class9Test1" time="0.001" classname="testngConcept.Class9"/>
  <system-out/>
</testsuite> <!-- testngConcept.Class9 -->
