<?xml version="1.0" encoding="UTF-8"?>
<!-- Generated by org.testng.reporters.JUnitReportReporter -->
<testsuite skipped="0" hostname="Balajis-MBP.lan" name="testngConcept.Class2" tests="2" failures="0" timestamp="2023-01-17T11:23:22 CST" time="0.007" errors="0">
  <testcase name="class1Test2" time="0.006" classname="testngConcept.Class2"/>
  <system-out/>
  <testcase name="class1Test3" time="0.001" classname="testngConcept.Class2"/>
  <system-out/>
</testsuite> <!-- testngConcept.Class2 -->
