<?xml version="1.0" encoding="UTF-8"?>
<!-- Generated by org.testng.reporters.JUnitReportReporter -->
<testsuite skipped="0" hostname="Balajis-MBP.lan" name="testngConcept.Class6" tests="1" failures="0" timestamp="2023-01-17T11:23:05 CST" time="0.000" errors="0">
  <testcase name="class6Test1" time="0.000" classname="testngConcept.Class6"/>
  <system-out/>
</testsuite> <!-- testngConcept.Class6 -->
