<?xml version="1.0" encoding="UTF-8"?>
<!-- Generated by org.testng.reporters.JUnitReportReporter -->
<testsuite skipped="0" hostname="Balajis-MBP.lan" name="testngConcept.Class0" tests="1" failures="0" timestamp="2023-01-30T21:28:02 CST" time="0.005" errors="0">
  <testcase name="class0Test1" time="0.005" classname="testngConcept.Class0"/>
  <system-out/>
</testsuite> <!-- testngConcept.Class0 -->
